<?xml version="1.0" encoding="UTF-8"?>
<testsuite name="com.osgang.backend.BackendApplicationTests" tests="1" skipped="0" failures="0" errors="0" timestamp="2026-04-25T13:19:40.402Z" hostname="kdpc" time="5.311">
  <properties/>
  <testcase name="contextLoads()" classname="com.osgang.backend.BackendApplicationTests" time="0.308"/>
  <system-out><![CDATA[20:19:40.502 [Test worker] INFO org.springframework.test.context.support.AnnotationConfigContextLoaderUtils -- Could not detect default configuration classes for test class [com.osgang.backend.BackendApplicationTests]: BackendApplicationTests does not declare any static, non-private, non-final, nested classes annotated with @Configuration.
20:19:40.567 [Test worker] INFO org.springframework.boot.test.context.SpringBootTestContextBootstrapper -- Found @SpringBootConfiguration com.osgang.backend.BackendApplication for test class com.osgang.backend.BackendApplicationTests
20:19:40.610 [Test worker] INFO org.springframework.test.context.support.AnnotationConfigContextLoaderUtils -- Could not detect default configuration classes for test class [com.osgang.backend.BackendApplicationTests]: BackendApplicationTests does not declare any static, non-private, non-final, nested classes annotated with @Configuration.
20:19:40.612 [Test worker] INFO org.springframework.boot.test.context.SpringBootTestContextBootstrapper -- Found @SpringBootConfiguration com.osgang.backend.BackendApplication for test class com.osgang.backend.BackendApplicationTests

  .   ____          _            __ _ _
 /\\ / ___'_ __ _ _(_)_ __  __ _ \ \ \ \
( ( )\___ | '_ | '_| | '_ \/ _` | \ \ \ \
 \\/  ___)| |_)| | | | | || (_| |  ) ) ) )
  '  |____| .__|_| |_|_| |_\__, | / / / /
 =========|_|==============|___/=/_/_/_/

 :: Spring Boot ::                (v4.0.5)

2026-04-25T20:19:40.781+07:00  INFO 632288 --- [    Test worker] c.o.backend.BackendApplicationTests      : Starting BackendApplicationTests using Java 21.0.11 with PID 632288 (started by kdm in /home/kdm/Documents/UNI/252/mobile/snapflash/backend)
2026-04-25T20:19:40.782+07:00  INFO 632288 --- [    Test worker] c.o.backend.BackendApplicationTests      : No active profile set, falling back to 1 default profile: "default"
2026-04-25T20:19:41.236+07:00  INFO 632288 --- [    Test worker] .s.d.r.c.RepositoryConfigurationDelegate : Bootstrapping Spring Data JPA repositories in DEFAULT mode.
2026-04-25T20:19:41.249+07:00  INFO 632288 --- [    Test worker] .s.d.r.c.RepositoryConfigurationDelegate : Finished Spring Data repository scanning in 7 ms. Found 0 JPA repository interfaces.
2026-04-25T20:19:42.159+07:00  INFO 632288 --- [    Test worker] org.flywaydb.core.FlywayExecutor         : Database: jdbc:postgresql://ep-restless-sunset-a1bciox8-pooler.ap-southeast-1.aws.neon.tech/snapflash_database?&sslmode=require&channelBinding=require (PostgreSQL 17.8)
2026-04-25T20:19:42.617+07:00  INFO 632288 --- [    Test worker] o.f.core.internal.command.DbValidate     : Successfully validated 0 migrations (execution time 00:00.139s)
2026-04-25T20:19:42.617+07:00  WARN 632288 --- [    Test worker] o.f.core.internal.command.DbValidate     : No migrations found. Are your locations set up correctly?
2026-04-25T20:19:43.249+07:00  INFO 632288 --- [    Test worker] o.f.core.internal.command.DbMigrate      : Current version of schema "public": << Empty Schema >>
2026-04-25T20:19:43.283+07:00  INFO 632288 --- [    Test worker] o.f.core.internal.command.DbMigrate      : Schema "public" is up to date. No migration necessary.
2026-04-25T20:19:43.566+07:00  INFO 632288 --- [    Test worker] com.zaxxer.hikari.HikariDataSource       : HikariPool-1 - Starting...
2026-04-25T20:19:43.867+07:00  INFO 632288 --- [    Test worker] com.zaxxer.hikari.pool.HikariPool        : HikariPool-1 - Added connection org.postgresql.jdbc.PgConnection@3883031d
2026-04-25T20:19:43.868+07:00  INFO 632288 --- [    Test worker] com.zaxxer.hikari.HikariDataSource       : HikariPool-1 - Start completed.
2026-04-25T20:19:43.883+07:00  INFO 632288 --- [    Test worker] org.hibernate.orm.jpa                    : HHH008540: Processing PersistenceUnitInfo [name: default]
2026-04-25T20:19:43.910+07:00  INFO 632288 --- [    Test worker] org.hibernate.orm.core                   : HHH000001: Hibernate ORM core version 7.2.7.Final
2026-04-25T20:19:44.124+07:00  INFO 632288 --- [    Test worker] o.s.o.j.p.SpringPersistenceUnitInfo      : No LoadTimeWeaver setup: ignoring JPA class transformer
2026-04-25T20:19:44.361+07:00  INFO 632288 --- [    Test worker] org.hibernate.orm.connections.pooling    : HHH10001005: Database info:
	Database JDBC URL [jdbc:postgresql://ep-restless-sunset-a1bciox8-pooler.ap-southeast-1.aws.neon.tech/snapflash_database?&sslmode=require&channelBinding=require]
	Database driver: PostgreSQL JDBC Driver
	Database dialect: PostgreSQLDialect
	Database version: 17.8
	Default catalog/schema: snapflash_database/public
	Autocommit mode: undefined/unknown
	Isolation level: READ_COMMITTED [default READ_COMMITTED]
	JDBC fetch size: none
	Pool: DataSourceConnectionProvider
	Minimum pool size: undefined/unknown
	Maximum pool size: undefined/unknown
2026-04-25T20:19:44.560+07:00  INFO 632288 --- [    Test worker] org.hibernate.orm.core                   : HHH000489: No JTA platform available (set 'hibernate.transaction.jta.platform' to enable JTA platform integration)
2026-04-25T20:19:44.564+07:00  INFO 632288 --- [    Test worker] j.LocalContainerEntityManagerFactoryBean : Initialized JPA EntityManagerFactory for persistence unit 'default'
2026-04-25T20:19:44.761+07:00  WARN 632288 --- [    Test worker] JpaBaseConfiguration$JpaWebConfiguration : spring.jpa.open-in-view is enabled by default. Therefore, database queries may be performed during view rendering. Explicitly configure spring.jpa.open-in-view to disable this warning
2026-04-25T20:19:45.117+07:00  WARN 632288 --- [    Test worker] .s.a.UserDetailsServiceAutoConfiguration : 

Using generated security password: 613079cd-0834-4bb6-a5a6-651f50b2c887

This generated password is for development use only. Your security configuration must be updated before running your application in production.

2026-04-25T20:19:45.133+07:00  INFO 632288 --- [    Test worker] r$InitializeUserDetailsManagerConfigurer : Global AuthenticationManager configured with UserDetailsService bean with name inMemoryUserDetailsManager
2026-04-25T20:19:45.240+07:00  INFO 632288 --- [    Test worker] o.s.b.a.e.web.EndpointLinksResolver      : Exposing 1 endpoint beneath base path '/actuator'
2026-04-25T20:19:45.354+07:00  INFO 632288 --- [    Test worker] c.o.backend.BackendApplicationTests      : Started BackendApplicationTests in 4.711 seconds (process running for 5.507)
]]></system-out>
  <system-err><![CDATA[Mockito is currently self-attaching to enable the inline-mock-maker. This will no longer work in future releases of the JDK. Please add Mockito as an agent to your build as described in Mockito's documentation: https://javadoc.io/doc/org.mockito/mockito-core/latest/org.mockito/org/mockito/Mockito.html#0.3
WARNING: A Java agent has been loaded dynamically (/home/kdm/.gradle/caches/modules-2/files-2.1/net.bytebuddy/byte-buddy-agent/1.17.8/f09415827a71be7ed621c7bd02550678f28bc81c/byte-buddy-agent-1.17.8.jar)
WARNING: If a serviceability tool is in use, please run with -XX:+EnableDynamicAgentLoading to hide this warning
WARNING: If a serviceability tool is not in use, please run with -Djdk.instrument.traceUsage for more information
WARNING: Dynamic loading of agents will be disallowed by default in a future release
]]></system-err>
</testsuite>
